Arguments: 
  C:\Program Files\nodejs\node.exe C:\Users\Solock\AppData\Roaming\npm\node_modules\yarn\bin\yarn.js add lite-serve --save-dev

PATH: 
  C:\ProgramData\Oracle\Java\javapath;C:\Python27\;C:\Python27\Scripts;C:\Windows\system32;C:\Windows;C:\Windows\System32\Wbem;C:\Windows\System32\WindowsPowerShell\v1.0\;C:\Windows\System32\OpenSSH\;C:\Program Files (x86)\Druide\Antidote 9\Application\Bin64\;C:\Program Files (x86)\Druide\Antidote 9\Application\Bin32\;C:\Program Files\dotnet\;C:\ProgramData\chocolatey\bin;C:\Program Files\nodejs\;C:\Program Files (x86)\Git\cmd;C:\Users\Solock\AppData\Local\Programs\Python\Python38\Scripts\;C:\Users\Solock\AppData\Local\Programs\Python\Python38\;C:\Users\Solock\AppData\Local\Microsoft\WindowsApps;C:\Program Files\Microsoft VS Code\bin;C:\ProgramData\Microsoft VS Code\bin;C:\Program Files\JetBrains\PyCharm Community Edition 2019.2.1\bin;;C:\Users\Solock\AppData\Local\Programs\Microsoft VS Code\bin;C:\Users\Solock\AppData\Roaming\npm

Yarn version: 
  1.22.4

Node version: 
  12.16.1

Platform: 
  win32 x64

Trace: 
  Error: https://registry.yarnpkg.com/lite-serve: Not found
      at Request.params.callback [as _callback] (C:\Users\Solock\AppData\Roaming\npm\node_modules\yarn\lib\cli.js:66987:18)
      at Request.self.callback (C:\Users\Solock\AppData\Roaming\npm\node_modules\yarn\lib\cli.js:140748:22)
      at Request.emit (events.js:311:20)
      at Request.<anonymous> (C:\Users\Solock\AppData\Roaming\npm\node_modules\yarn\lib\cli.js:141720:10)
      at Request.emit (events.js:311:20)
      at IncomingMessage.<anonymous> (C:\Users\Solock\AppData\Roaming\npm\node_modules\yarn\lib\cli.js:141642:12)
      at Object.onceWrapper (events.js:417:28)
      at IncomingMessage.emit (events.js:323:22)
      at endReadableNT (_stream_readable.js:1204:12)
      at processTicksAndRejections (internal/process/task_queues.js:84:21)

npm manifest: 
  {
    "name": "git-test",
    "version": "1.0.0",
    "description": "",
    "main": "index.js",
    "scripts": {
      "test": "echo \"Error: no test specified\" && exit 1"
    },
    "repository": {
      "type": "git",
      "url": "git+https://github.com/Rodney334/solock.git"
    },
    "author": "",
    "license": "ISC",
    "bugs": {
      "url": "https://github.com/Rodney334/solock/issues"
    },
    "homepage": "https://github.com/Rodney334/solock#readme"
  }

yarn manifest: 
  No manifest

Lockfile: 
  No lockfile
